
> taskbox@0.2.0 build-storybook
> ng run taskbox:build-storybook --output-dir C:\Users\MaytavB\AppData\Local\Temp\chromatic--17700-V2HsLvYTirjD

[0m
[0m [0m [0m [0m [0m [0m [0m [0m [0m [0m [0m [0m [0m [0m [0m [0m [0m [0m [0m [0m [0m [0m [0m [0m [0m [0m [0m [0m [0m [0m [0m [0m [0m [0m [0m [0m [0m [0m [0m [0m [0m [0m [0m [0m [0m [0m [0m [0m [0m [0m [0m [0m [0m [0m [0m [0m [0m [0m [0m [48;5;255m [48;5;255m [0m [0m [0m [0m [0m [0m [0m [0m [0m [0m [0m [0m
[0m [0m [0m [0m [0m [0m [0m [0m [0m [0m [0m [0m [0m [0m [0m [0m [0m [0m [0m [0m [0m [0m [0m [0m [0m [0m [0m [0m [0m [0m [0m [0m [0m [0m [0m [0m [0m [0m [0m [0m [0m [0m [0m [0m [0m [0m [0m [0m [0m [0m [0m [0m [0m [0m [0m [0m [0m [0m [0m [48;5;255m [48;5;255m [0m [0m [0m [0m [0m [0m [0m [0m [0m [0m [0m [0m
[0m [0m [0m [0m [0m [0m [0m [0m [0m [0m [0m [0m [0m [0m [0m [0m [0m [0m [0m [0m [0m [0m [0m [0m [0m [0m [0m [0m [0m [0m [0m [0m [0m [0m [0m [0m [0m [0m [0m [0m [0m [0m [0m [0m [0m [0m [0m [0m [0m [0m [0m [0m [0m [0m [0m [0m [0m [0m [0m [48;5;255m [48;5;255m [0m [0m [0m [0m [0m [0m [0m [0m [0m [0m [0m [0m
[48;5;255m [48;5;255m [48;5;255m [48;5;255m [48;5;255m [48;5;255m [48;5;255m [0m [0m [48;5;255m [48;5;255m [48;5;255m [48;5;255m [48;5;255m [48;5;255m [48;5;255m [48;5;255m [0m [0m [48;5;255m [48;5;255m [48;5;255m [48;5;255m [48;5;255m [48;5;255m [48;5;255m [48;5;255m [48;5;255m [48;5;255m [48;5;255m [48;5;255m [0m [0m [48;5;255m [48;5;255m [48;5;255m [48;5;255m [48;5;255m [48;5;255m [48;5;255m [48;5;255m [0m [0m [48;5;255m [48;5;255m [48;5;255m [48;5;255m [48;5;255m [48;5;255m [48;5;255m [48;5;255m [0m [0m [48;5;255m [48;5;255m [48;5;255m [48;5;255m [48;5;255m [48;5;255m [48;5;255m [48;5;255m [0m [0m [48;5;255m [48;5;255m [48;5;255m [48;5;255m [48;5;255m [48;5;255m [48;5;255m [48;5;255m [0m [0m [48;5;255m [48;5;255m [48;5;255m [48;5;255m [48;5;255m [48;5;255m [48;5;255m [48;5;255m [0m
[48;5;255m [48;5;255m [0m [0m [0m [0m [0m [0m [0m [48;5;255m [48;5;255m [0m [0m [0m [0m [48;5;255m [48;5;255m [0m [0m [48;5;255m [48;5;255m [0m [0m [0m [48;5;255m [48;5;255m [0m [0m [0m [48;5;255m [48;5;255m [0m [0m [48;5;255m [48;5;255m [0m [0m [0m [0m [48;5;255m [48;5;255m [0m [0m [48;5;255m [48;5;255m [0m [0m [0m [0m [48;5;255m [48;5;255m [0m [0m [48;5;255m [48;5;255m [0m [0m [0m [0m [48;5;255m [48;5;255m [0m [0m [48;5;255m [48;5;255m [0m [0m [0m [0m [48;5;255m [48;5;255m [0m [0m [48;5;255m [48;5;255m [0m
[48;5;255m [48;5;255m [0m [0m [0m [0m [0m [0m [0m [48;5;255m [48;5;255m [0m [0m [0m [0m [48;5;255m [48;5;255m [0m [0m [48;5;255m [48;5;255m [0m [0m [0m [48;5;255m [48;5;255m [0m [0m [0m [48;5;255m [48;5;255m [0m [0m [48;5;255m [48;5;255m [0m [0m [0m [0m [48;5;255m [48;5;255m [0m [0m [48;5;255m [48;5;255m [0m [0m [0m [0m [48;5;255m [48;5;255m [0m [0m [48;5;255m [48;5;255m [0m [0m [0m [0m [48;5;255m [48;5;255m [0m [0m [48;5;255m [48;5;255m [0m [0m [0m [0m [48;5;255m [48;5;255m [0m [0m [48;5;255m [48;5;255m [0m
[48;5;255m [48;5;255m [0m [0m [0m [0m [0m [0m [0m [48;5;255m [48;5;255m [0m [0m [0m [0m [48;5;255m [48;5;255m [0m [0m [48;5;255m [48;5;255m [0m [0m [0m [48;5;255m [48;5;255m [0m [0m [0m [48;5;255m [48;5;255m [0m [0m [48;5;255m [48;5;255m [0m [0m [0m [0m [48;5;255m [48;5;255m [0m [0m [48;5;255m [48;5;255m [0m [0m [0m [0m [48;5;255m [48;5;255m [0m [0m [48;5;255m [48;5;255m [0m [0m [0m [0m [48;5;255m [48;5;255m [0m [0m [48;5;255m [48;5;255m [0m [0m [0m [0m [48;5;255m [48;5;255m [0m [0m [48;5;255m [48;5;255m [0m
[48;5;255m [48;5;255m [48;5;255m [48;5;255m [48;5;255m [48;5;255m [48;5;255m [0m [0m [48;5;255m [48;5;255m [48;5;255m [48;5;255m [48;5;255m [48;5;255m [48;5;255m [48;5;255m [0m [0m [48;5;255m [48;5;255m [0m [0m [0m [48;5;255m [48;5;255m [0m [0m [0m [48;5;255m [48;5;255m [0m [0m [48;5;255m [48;5;255m [48;5;255m [48;5;255m [48;5;255m [48;5;255m [48;5;255m [48;5;255m [0m [0m [48;5;255m [48;5;255m [48;5;255m [48;5;255m [48;5;255m [48;5;255m [48;5;255m [48;5;255m [0m [0m [48;5;255m [48;5;255m [48;5;255m [48;5;255m [48;5;255m [48;5;255m [48;5;255m [48;5;255m [0m [0m [48;5;255m [48;5;255m [48;5;255m [48;5;255m [48;5;255m [48;5;255m [48;5;255m [48;5;255m [0m [0m [48;5;255m [48;5;255m [48;5;255m [48;5;255m [48;5;255m [48;5;255m [48;5;255m [48;5;255m [0m
[0m [0m [0m [0m [0m [0m [0m [0m [0m [0m [0m [0m [0m [0m [0m [0m [0m [0m [0m [0m [0m [0m [0m [0m [0m [0m [0m [0m [0m [0m [0m [0m [0m [48;5;255m [48;5;255m [0m [0m [0m [0m [0m [0m [0m [0m [0m [0m [0m [0m
[0m [0m [0m [0m [0m [0m [0m [0m [0m [0m [0m [0m [0m [0m [0m [0m [0m [0m [0m [0m [0m [0m [0m [0m [0m [0m [0m [0m [0m [0m [0m [0m [0m [48;5;255m [48;5;255m [0m [0m [0m [0m [0m [0m [0m [0m [0m [0m [0m [0m
[0m [0m [0m [0m [0m [0m [0m [0m [0m [0m [0m [0m [0m [0m [0m [0m [0m [0m [0m [0m [0m [0m [0m [0m [0m [0m [0m [0m [0m [0m [0m [0m [0m [48;5;255m [48;5;255m [0m [0m [0m [0m [0m [0m [0m [0m [0m [0m [0m [0m

1.1.23

TypeScript version used by Compodoc : 5.2.2

TypeScript version of current project : 5.2.2

Node.js version : v18.13.0

Operating system : Windows 10

[09:26:30] No configuration file found, switching to CLI flags.
[09:26:30] Using tsconfig file : C:\Users\MaytavB\WebstormProjects\intro-storybook-angular-template-master\.storybook\tsconfig.json
[09:26:30] Including      : C:/Users/MaytavB/WebstormProjects/intro-storybook-angular-template-master/.storybook/preview.ts
[09:26:30] Excluding      : C:/Users/MaytavB/WebstormProjects/intro-storybook-angular-template-master/src/favicon.ico
[09:26:30] Excluding      : C:/Users/MaytavB/WebstormProjects/intro-storybook-angular-template-master/src/index.html
[09:26:30] Including      : C:/Users/MaytavB/WebstormProjects/intro-storybook-angular-template-master/src/main.ts
[09:26:30] Including      : C:/Users/MaytavB/WebstormProjects/intro-storybook-angular-template-master/src/polyfills.ts
[09:26:30] Excluding      : C:/Users/MaytavB/WebstormProjects/intro-storybook-angular-template-master/src/styles.css
[09:26:30] Excluding      : C:/Users/MaytavB/WebstormProjects/intro-storybook-angular-template-master/src/app/app.component.css
[09:26:30] Excluding      : C:/Users/MaytavB/WebstormProjects/intro-storybook-angular-template-master/src/app/app.component.html
[09:26:30] Including      : C:/Users/MaytavB/WebstormProjects/intro-storybook-angular-template-master/src/app/app.component.ts
[09:26:30] Including      : C:/Users/MaytavB/WebstormProjects/intro-storybook-angular-template-master/src/app/app.module.ts
[09:26:30] Including      : C:/Users/MaytavB/WebstormProjects/intro-storybook-angular-template-master/src/environments/environment.prod.ts
[09:26:30] Including      : C:/Users/MaytavB/WebstormProjects/intro-storybook-angular-template-master/src/environments/environment.ts
[09:26:30] Including      : C:/Users/MaytavB/WebstormProjects/intro-storybook-angular-template-master/src/stories/button.component.ts
[09:26:30] Excluding      : C:/Users/MaytavB/WebstormProjects/intro-storybook-angular-template-master/src/stories/button.css
[09:26:30] Including      : C:/Users/MaytavB/WebstormProjects/intro-storybook-angular-template-master/src/stories/Button.stories.ts
[09:26:30] Including      : C:/Users/MaytavB/WebstormProjects/intro-storybook-angular-template-master/src/stories/header.component.ts
[09:26:30] Excluding      : C:/Users/MaytavB/WebstormProjects/intro-storybook-angular-template-master/src/stories/header.css
[09:26:30] Including      : C:/Users/MaytavB/WebstormProjects/intro-storybook-angular-template-master/src/stories/Header.stories.ts
[09:26:30] Excluding      : C:/Users/MaytavB/WebstormProjects/intro-storybook-angular-template-master/src/stories/Introduction.mdx
[09:26:30] Including      : C:/Users/MaytavB/WebstormProjects/intro-storybook-angular-template-master/src/stories/page.component.ts
[09:26:30] Excluding      : C:/Users/MaytavB/WebstormProjects/intro-storybook-angular-template-master/src/stories/page.css
[09:26:30] Including      : C:/Users/MaytavB/WebstormProjects/intro-storybook-angular-template-master/src/stories/Page.stories.ts
[09:26:30] Including      : C:/Users/MaytavB/WebstormProjects/intro-storybook-angular-template-master/src/stories/User.ts
[09:26:30] Including      : C:/Users/MaytavB/WebstormProjects/intro-storybook-angular-template-master/src/app/components/task.module.ts
[09:26:30] Including      : C:/Users/MaytavB/WebstormProjects/intro-storybook-angular-template-master/src/app/models/task.model.ts
[09:26:30] Excluding      : C:/Users/MaytavB/WebstormProjects/intro-storybook-angular-template-master/src/assets/icon/percolate.eot
[09:26:30] Excluding      : C:/Users/MaytavB/WebstormProjects/intro-storybook-angular-template-master/src/assets/icon/percolate.svg
[09:26:30] Excluding      : C:/Users/MaytavB/WebstormProjects/intro-storybook-angular-template-master/src/assets/icon/percolate.ttf
[09:26:30] Excluding      : C:/Users/MaytavB/WebstormProjects/intro-storybook-angular-template-master/src/assets/icon/percolate.woff
[09:26:30] Excluding      : C:/Users/MaytavB/WebstormProjects/intro-storybook-angular-template-master/src/assets/font/OpenSans-Light-webfont.eot
[09:26:30] Excluding      : C:/Users/MaytavB/WebstormProjects/intro-storybook-angular-template-master/src/assets/font/OpenSans-Light-webfont.svg
[09:26:30] Excluding      : C:/Users/MaytavB/WebstormProjects/intro-storybook-angular-template-master/src/assets/font/OpenSans-Light-webfont.ttf
[09:26:30] Excluding      : C:/Users/MaytavB/WebstormProjects/intro-storybook-angular-template-master/src/assets/font/OpenSans-Light-webfont.woff
[09:26:30] Excluding      : C:/Users/MaytavB/WebstormProjects/intro-storybook-angular-template-master/src/assets/font/OpenSans-Regular-webfont.eot
[09:26:30] Excluding      : C:/Users/MaytavB/WebstormProjects/intro-storybook-angular-template-master/src/assets/font/OpenSans-Regular-webfont.svg
[09:26:30] Excluding      : C:/Users/MaytavB/WebstormProjects/intro-storybook-angular-template-master/src/assets/font/OpenSans-Regular-webfont.ttf
[09:26:30] Excluding      : C:/Users/MaytavB/WebstormProjects/intro-storybook-angular-template-master/src/assets/font/OpenSans-Regular-webfont.woff
[09:26:30] Excluding      : C:/Users/MaytavB/WebstormProjects/intro-storybook-angular-template-master/src/stories/assets/code-brackets.svg
[09:26:30] Excluding      : C:/Users/MaytavB/WebstormProjects/intro-storybook-angular-template-master/src/stories/assets/colors.svg
[09:26:30] Excluding      : C:/Users/MaytavB/WebstormProjects/intro-storybook-angular-template-master/src/stories/assets/comments.svg
[09:26:30] Excluding      : C:/Users/MaytavB/WebstormProjects/intro-storybook-angular-template-master/src/stories/assets/direction.svg
[09:26:30] Excluding      : C:/Users/MaytavB/WebstormProjects/intro-storybook-angular-template-master/src/stories/assets/flow.svg
[09:26:30] Excluding      : C:/Users/MaytavB/WebstormProjects/intro-storybook-angular-template-master/src/stories/assets/plugin.svg
[09:26:30] Excluding      : C:/Users/MaytavB/WebstormProjects/intro-storybook-angular-template-master/src/stories/assets/repo.svg
[09:26:30] Excluding      : C:/Users/MaytavB/WebstormProjects/intro-storybook-angular-template-master/src/stories/assets/stackalt.svg
[09:26:30] Excluding      : C:/Users/MaytavB/WebstormProjects/intro-storybook-angular-template-master/src/app/components/inbox-screen/inbox-screen.component.html
[09:26:30] Excluding      : C:/Users/MaytavB/WebstormProjects/intro-storybook-angular-template-master/src/app/components/inbox-screen/inbox-screen.component.scss
[09:26:30] Including      : C:/Users/MaytavB/WebstormProjects/intro-storybook-angular-template-master/src/app/components/inbox-screen/inbox-screen.component.ts
[09:26:30] Excluding      : C:/Users/MaytavB/WebstormProjects/intro-storybook-angular-template-master/src/app/components/pure-inbox-screen/pure-inbox-screen.component.html
[09:26:30] Excluding      : C:/Users/MaytavB/WebstormProjects/intro-storybook-angular-template-master/src/app/components/pure-inbox-screen/pure-inbox-screen.component.scss
[09:26:30] Including      : C:/Users/MaytavB/WebstormProjects/intro-storybook-angular-template-master/src/app/components/pure-inbox-screen/pure-inbox-screen.component.ts
[09:26:30] Including      : C:/Users/MaytavB/WebstormProjects/intro-storybook-angular-template-master/src/app/components/pure-inbox-screen/pure-inbox-screen.stories.ts
[09:26:30] Excluding      : C:/Users/MaytavB/WebstormProjects/intro-storybook-angular-template-master/src/app/components/pure-task-list/pure-task-list.component.html
[09:26:30] Excluding      : C:/Users/MaytavB/WebstormProjects/intro-storybook-angular-template-master/src/app/components/pure-task-list/pure-task-list.component.scss
[09:26:30] Including      : C:/Users/MaytavB/WebstormProjects/intro-storybook-angular-template-master/src/app/components/pure-task-list/pure-task-list.component.ts
[09:26:30] Including      : C:/Users/MaytavB/WebstormProjects/intro-storybook-angular-template-master/src/app/components/pure-task-list/pure-task-list.stories.ts
[09:26:30] Excluding      : C:/Users/MaytavB/WebstormProjects/intro-storybook-angular-template-master/src/app/components/task/task.component.css
[09:26:30] Excluding      : C:/Users/MaytavB/WebstormProjects/intro-storybook-angular-template-master/src/app/components/task/task.component.html
[09:26:30] Including      : C:/Users/MaytavB/WebstormProjects/intro-storybook-angular-template-master/src/app/components/task/task.component.ts
[09:26:30] Including      : C:/Users/MaytavB/WebstormProjects/intro-storybook-angular-template-master/src/app/components/task/task.stories.ts
[09:26:30] Excluding      : C:/Users/MaytavB/WebstormProjects/intro-storybook-angular-template-master/src/app/components/task-list/task-list.component.html
[09:26:30] Excluding      : C:/Users/MaytavB/WebstormProjects/intro-storybook-angular-template-master/src/app/components/task-list/task-list.component.scss
[09:26:30] Including      : C:/Users/MaytavB/WebstormProjects/intro-storybook-angular-template-master/src/app/components/task-list/task-list.component.ts
[09:26:30] Including      : C:/Users/MaytavB/WebstormProjects/intro-storybook-angular-template-master/src/app/components/task/states/task.stat.ts
[09:26:30] Searching package.json file
[09:26:30] package.json file found
[09:26:30] Processing package.json dependencies
[09:26:30] Searching README.md, CHANGELOG.md, CONTRIBUTING.md, LICENSE.md, TODO.md files
[09:26:30] README.md file found
[09:26:30] Error during C:\Users\MaytavB\WebstormProjects\intro-storybook-angular-template-master\CHANGELOG read
[09:26:30] Continuing without CHANGELOG.md file
[09:26:30] Error during C:\Users\MaytavB\WebstormProjects\intro-storybook-angular-template-master\CONTRIBUTING read
[09:26:30] Continuing without CONTRIBUTING.md file
[09:26:30] LICENSE.md file found
[09:26:30] Error during C:\Users\MaytavB\WebstormProjects\intro-storybook-angular-template-master\TODO read
[09:26:30] Continuing without TODO.md file
[09:26:30] Get dependencies data
[09:26:31] parsing        : C:/Users/MaytavB/WebstormProjects/intro-storybook-angular-template-master/.storybook/preview.ts
[09:26:31] found          : preview
[09:26:31] parsing        : C:/Users/MaytavB/WebstormProjects/intro-storybook-angular-template-master/src/main.ts
[09:26:31] parsing        : C:/Users/MaytavB/WebstormProjects/intro-storybook-angular-template-master/src/polyfills.ts
[09:26:31] parsing        : C:/Users/MaytavB/WebstormProjects/intro-storybook-angular-template-master/src/app/app.component.ts
[09:26:31] found          : AppComponent
[09:26:31] parsing        : C:/Users/MaytavB/WebstormProjects/intro-storybook-angular-template-master/src/app/app.module.ts
[09:26:31] found          : AppModule
[09:26:31]                : - imports:
[09:26:31]                : 	- BrowserModule
[09:26:31]                : 	- TaskModule
[09:26:31]                : 	- NgxsModule
[09:26:31]                : 	- NgxsReduxDevtoolsPluginModule
[09:26:31]                : 	- NgxsLoggerPluginModule
[09:26:31]                : 	- InboxScreenComponent
[09:26:31]                : 	- PureInboxScreenComponent
[09:26:31]                : - declarations:
[09:26:31]                : 	- AppComponent
[09:26:31]                : - bootstrap:
[09:26:31]                : 	- AppComponent
[09:26:31] parsing        : C:/Users/MaytavB/WebstormProjects/intro-storybook-angular-template-master/src/environments/environment.prod.ts
[09:26:31] found          : environment
[09:26:31] parsing        : C:/Users/MaytavB/WebstormProjects/intro-storybook-angular-template-master/src/environments/environment.ts
[09:26:31] found          : environment
[09:26:31] parsing        : C:/Users/MaytavB/WebstormProjects/intro-storybook-angular-template-master/src/stories/button.component.ts
[09:26:31] found          : ButtonComponent
[09:26:31]                : - imports:
[09:26:31]                : 	- CommonModule
[09:26:31] parsing        : C:/Users/MaytavB/WebstormProjects/intro-storybook-angular-template-master/src/stories/Button.stories.ts
[09:26:31] found          : meta
[09:26:31] found          : Story
[09:26:31] found          : Primary
[09:26:31] found          : Secondary
[09:26:31] found          : Large
[09:26:31] found          : Small
[09:26:31] parsing        : C:/Users/MaytavB/WebstormProjects/intro-storybook-angular-template-master/src/stories/header.component.ts
[09:26:31] found          : HeaderComponent
[09:26:31] parsing        : C:/Users/MaytavB/WebstormProjects/intro-storybook-angular-template-master/src/stories/Header.stories.ts
[09:26:31] found          : meta
[09:26:31] found          : Story
[09:26:31] found          : LoggedIn
[09:26:31] found          : LoggedOut
[09:26:31] parsing        : C:/Users/MaytavB/WebstormProjects/intro-storybook-angular-template-master/src/stories/page.component.ts
[09:26:31] found          : PageComponent
[09:26:31] parsing        : C:/Users/MaytavB/WebstormProjects/intro-storybook-angular-template-master/src/stories/Page.stories.ts
[09:26:31] found          : meta
[09:26:31] found          : Story
[09:26:31] found          : LoggedOut
[09:26:31] found          : LoggedIn
[09:26:31] parsing        : C:/Users/MaytavB/WebstormProjects/intro-storybook-angular-template-master/src/stories/User.ts
[09:26:31] found          : User
[09:26:31] parsing        : C:/Users/MaytavB/WebstormProjects/intro-storybook-angular-template-master/src/app/components/task.module.ts
[09:26:31] found          : TaskModule
[09:26:31]                : - imports:
[09:26:31]                : 	- TaskComponent
[09:26:31]                : 	- TaskListComponent
[09:26:31]                : 	- PureTaskListComponent
[09:26:31]                : 	- NgxsModule
[09:26:31] parsing        : C:/Users/MaytavB/WebstormProjects/intro-storybook-angular-template-master/src/app/models/task.model.ts
[09:26:31] found          : Task
[09:26:31] parsing        : C:/Users/MaytavB/WebstormProjects/intro-storybook-angular-template-master/src/app/components/inbox-screen/inbox-screen.component.ts
[09:26:31] found          : InboxScreenComponent
[09:26:31]                : - imports:
[09:26:31]                : 	- PureInboxScreenComponent
[09:26:31]                : 	- AsyncPipe
[09:26:31] parsing        : C:/Users/MaytavB/WebstormProjects/intro-storybook-angular-template-master/src/app/components/pure-inbox-screen/pure-inbox-screen.component.ts
[09:26:31] found          : PureInboxScreenComponent
[09:26:31]                : - imports:
[09:26:31]                : 	- NgIf
[09:26:31]                : 	- TaskListComponent
[09:26:31] parsing        : C:/Users/MaytavB/WebstormProjects/intro-storybook-angular-template-master/src/app/components/pure-inbox-screen/pure-inbox-screen.stories.ts
[09:26:31] found          : meta
[09:26:31] found          : Story
[09:26:31] found          : Default
[09:26:31] found          : Error
[09:26:31] found          : WithInteractions
[09:26:31] parsing        : C:/Users/MaytavB/WebstormProjects/intro-storybook-angular-template-master/src/app/components/pure-task-list/pure-task-list.component.ts
[09:26:31] found          : PureTaskListComponent
[09:26:31]                : - imports:
[09:26:31]                : 	- NgIf
[09:26:31]                : 	- TaskComponent
[09:26:31]                : 	- NgForOf
[09:26:31] parsing        : C:/Users/MaytavB/WebstormProjects/intro-storybook-angular-template-master/src/app/components/pure-task-list/pure-task-list.stories.ts
[09:26:31] found          : meta
[09:26:31] found          : Story
[09:26:31] found          : Default
[09:26:31] found          : WithPinnedTasks
[09:26:31] found          : Loading
[09:26:31] found          : Empty
[09:26:31] parsing        : C:/Users/MaytavB/WebstormProjects/intro-storybook-angular-template-master/src/app/components/task/task.component.ts
[09:26:31] found          : TaskComponent
[09:26:31]                : - imports:
[09:26:31]                : 	- NgIf
[09:26:31] parsing        : C:/Users/MaytavB/WebstormProjects/intro-storybook-angular-template-master/src/app/components/task/task.stories.ts
[09:26:31] found          : actionsData
[09:26:31] found          : meta
[09:26:31] found          : Story
[09:26:31] found          : Default
[09:26:31] found          : Pinned
[09:26:31] found          : Archived
[09:26:31] parsing        : C:/Users/MaytavB/WebstormProjects/intro-storybook-angular-template-master/src/app/components/task-list/task-list.component.ts
[09:26:31] found          : TaskListComponent
[09:26:31]                : - imports:
[09:26:31]                : 	- PureTaskListComponent
[09:26:31]                : 	- AsyncPipe
[09:26:31] parsing        : C:/Users/MaytavB/WebstormProjects/intro-storybook-angular-template-master/src/app/components/task/states/task.stat.ts
[09:26:31] found          : actions
[09:26:31] found          : ArchiveTask
[09:26:31] found          : PinTask
[09:26:31] found          : AppError
[09:26:31] found          : defaultTasks
[09:26:31] found          : TaskStateModel
[09:26:31] found          : TasksState
[09:26:31] -------------------
[09:26:31] Project statistics 
[09:26:31] - files      : 26
[09:26:31] - module     : 2
[09:26:31] - component  : 9
[09:26:31] - injectable : 1
[09:26:31] - class      : 3
[09:26:31] - interface  : 3
[09:26:31] -------------------
[09:26:31] Prepare components
[09:26:31]  AppComponent has styleUrls, include them
[09:26:31]  ButtonComponent has styleUrls, include them
[09:26:31]  HeaderComponent has styleUrls, include them
[09:26:31]  InboxScreenComponent has a templateUrl, include it
[09:26:31]  PageComponent has styleUrls, include them
[09:26:31]  PureInboxScreenComponent has a templateUrl, include it
[09:26:31]  PureTaskListComponent has a templateUrl, include it
[09:26:31]  TaskComponent has a templateUrl, include it
[09:26:31]  TaskListComponent has a templateUrl, include it
[09:26:31] Prepare modules
[09:26:31] Prepare injectables
[09:26:31] Prepare classes
[09:26:31] Prepare interfaces
[09:26:31] Prepare miscellaneous
[09:26:31] Process documentation coverage report
[09:26:31] Generating documentation in export format json
[09:26:31] Documentation generated in ./ in 0.705 seconds
info => Cleaning outputDir: C:\Users\MaytavB\AppData\Local\Temp\chromatic--17700-V2HsLvYTirjD

info => Loading presets
info => Building manager..
info => Manager built (318 ms)
info => Building preview..
info => Copying static files: C:\Users\MaytavB\WebstormProjects\intro-storybook-angular-template-master\node_modules\@storybook\manager\static at C:\Users\MaytavB\AppData\Local\Temp\chromatic--17700-V2HsLvYTirjD\sb-common-assets
info Using Babel compiler
info Addon-docs: using MDX2
info => Using implicit CSS loaders
info => Using angular browser target options from "taskbox:build"
info => Using angular project with "tsConfig:C:\Users\MaytavB\WebstormProjects\intro-storybook-angular-template-master\.storybook\tsconfig.json"
info => Using default Webpack5 setup
<s> [webpack.Progress] 0% 

<s> [webpack.Progress] 1% setup before run
<s> [webpack.Progress] 1% setup before run NodeEnvironmentPlugin
<s> [webpack.Progress] 1% setup before run
<s> [webpack.Progress] 2% setup run
<s> [webpack.Progress] 2% setup run
<s> [webpack.Progress] 4% setup normal module factory
<s> [webpack.Progress] 4% setup normal module factory CaseSensitivePathsPlugin
<s> [webpack.Progress] 4% setup normal module factory
<s> [webpack.Progress] 5% setup context module factory
<s> [webpack.Progress] 5% setup context module factory
<s> [webpack.Progress] 6% setup before compile
<s> [webpack.Progress] 6% setup before compile angular-compiler
<s> [webpack.Progress] 6% setup before compile ProgressPlugin
<s> [webpack.Progress] 6% setup before compile
<s> [webpack.Progress] 7% setup compile
<s> [webpack.Progress] 7% setup compile ExternalsPlugin
<s> [webpack.Progress] 7% setup compile ExternalsPlugin
<s> [webpack.Progress] 7% setup compile
<s> [webpack.Progress] 8% setup compilation
<s> [webpack.Progress] 8% setup compilation angular-occurrences-plugin
<s> [webpack.Progress] 8% setup compilation angular-compiler
<s> [webpack.Progress] 8% setup compilation styles-webpack-plugin
<s> [webpack.Progress] 8% setup compilation mini-css-extract-plugin
<s> [webpack.Progress] 8% setup compilation unplugin-csf
<s> [webpack.Progress] 8% setup compilation storybook-normalize-angular-entry-plugin
<s> [webpack.Progress] 8% setup compilation ArrayPushCallbackChunkFormatPlugin
<s> [webpack.Progress] 8% setup compilation JsonpChunkLoadingPlugin
<s> [webpack.Progress] 8% setup compilation StartupChunkDependenciesPlugin
<s> [webpack.Progress] 8% setup compilation ImportScriptsChunkLoadingPlugin
<s> [webpack.Progress] 8% setup compilation FetchCompileWasmPlugin
<s> [webpack.Progress] 8% setup compilation FetchCompileAsyncWasmPlugin
<s> [webpack.Progress] 8% setup compilation WorkerPlugin
<s> [webpack.Progress] 8% setup compilation SplitChunksPlugin
<s> [webpack.Progress] 8% setup compilation RuntimeChunkPlugin
<s> [webpack.Progress] 8% setup compilation ResolverCachePlugin
<s> [webpack.Progress] 8% setup compilation HtmlWebpackPlugin
<s> [webpack.Progress] 8% setup compilation
<s> [webpack.Progress] 9% setup compilation
<s> [webpack.Progress] 9% setup compilation named-chunks-plugin
<s> [webpack.Progress] 9% setup compilation DedupeModuleResolvePlugin
<s> [webpack.Progress] 9% setup compilation AnyComponentStyleBudgetChecker
<s> [webpack.Progress] 9% setup compilation mini-css-extract-plugin
<s> [webpack.Progress] 9% setup compilation SuppressExtractedTextChunks
<s> [webpack.Progress] 9% setup compilation DefinePlugin
<s> [webpack.Progress] 9% setup compilation ProvidePlugin
<s> [webpack.Progress] 9% setup compilation ProgressPlugin
<s> [webpack.Progress] 9% setup compilation ChunkPrefetchPreloadPlugin
<s> [webpack.Progress] 9% setup compilation SourceMapDevToolPlugin
<s> [webpack.Progress] 9% setup compilation JavascriptModulesPlugin
<s> [webpack.Progress] 9% setup compilation JsonModulesPlugin
<s> [webpack.Progress] 9% setup compilation AssetModulesPlugin
<s> [webpack.Progress] 9% setup compilation DynamicEntryPlugin
<s> [webpack.Progress] 9% setup compilation RuntimePlugin
<s> [webpack.Progress] 9% setup compilation InferAsyncModulesPlugin
<s> [webpack.Progress] 9% setup compilation DataUriPlugin
<s> [webpack.Progress] 9% setup compilation FileUriPlugin
<s> [webpack.Progress] 9% setup compilation CompatibilityPlugin
<s> [webpack.Progress] 9% setup compilation HarmonyModulesPlugin
<s> [webpack.Progress] 9% setup compilation AMDPlugin
<s> [webpack.Progress] 9% setup compilation RequireJsStuffPlugin
<s> [webpack.Progress] 9% setup compilation CommonJsPlugin
<s> [webpack.Progress] 9% setup compilation LoaderPlugin
<s> [webpack.Progress] 9% setup compilation LoaderPlugin
<s> [webpack.Progress] 9% setup compilation NodeStuffPlugin
<s> [webpack.Progress] 9% setup compilation APIPlugin
<s> [webpack.Progress] 9% setup compilation ExportsInfoApiPlugin
<s> [webpack.Progress] 9% setup compilation WebpackIsIncludedPlugin
<s> [webpack.Progress] 9% setup compilation ConstPlugin
<s> [webpack.Progress] 9% setup compilation UseStrictPlugin
<s> [webpack.Progress] 9% setup compilation RequireIncludePlugin
<s> [webpack.Progress] 9% setup compilation RequireEnsurePlugin
<s> [webpack.Progress] 9% setup compilation RequireContextPlugin
<s> [webpack.Progress] 9% setup compilation ImportPlugin
<s> [webpack.Progress] 9% setup compilation ImportMetaContextPlugin
<s> [webpack.Progress] 9% setup compilation SystemPlugin
<s> [webpack.Progress] 9% setup compilation ImportMetaPlugin
<s> [webpack.Progress] 9% setup compilation URLPlugin
<s> [webpack.Progress] 9% setup compilation DefaultStatsFactoryPlugin
<s> [webpack.Progress] 9% setup compilation DefaultStatsPresetPlugin
<s> [webpack.Progress] 9% setup compilation DefaultStatsPrinterPlugin
<s> [webpack.Progress] 9% setup compilation JavascriptMetaInfoPlugin
<s> [webpack.Progress] 9% setup compilation EnsureChunkConditionsPlugin
<s> [webpack.Progress] 9% setup compilation RemoveEmptyChunksPlugin
<s> [webpack.Progress] 9% setup compilation MergeDuplicateChunksPlugin
<s> [webpack.Progress] 9% setup compilation FlagIncludedChunksPlugin
<s> [webpack.Progress] 9% setup compilation SideEffectsFlagPlugin
<s> [webpack.Progress] 9% setup compilation FlagDependencyExportsPlugin
<s> [webpack.Progress] 9% setup compilation FlagDependencyUsagePlugin
<s> [webpack.Progress] 9% setup compilation InnerGraphPlugin
<s> [webpack.Progress] 9% setup compilation MangleExportsPlugin
<s> [webpack.Progress] 9% setup compilation ModuleConcatenationPlugin
<s> [webpack.Progress] 9% setup compilation NoEmitOnErrorsPlugin
<s> [webpack.Progress] 9% setup compilation RealContentHashPlugin
<s> [webpack.Progress] 9% setup compilation WasmFinalizeExportsPlugin
<s> [webpack.Progress] 9% setup compilation NamedModuleIdsPlugin
<s> [webpack.Progress] 9% setup compilation DeterministicChunkIdsPlugin
<s> [webpack.Progress] 9% setup compilation DefinePlugin
<s> [webpack.Progress] 9% setup compilation TerserPlugin
<s> [webpack.Progress] 9% setup compilation TemplatedPathPlugin
<s> [webpack.Progress] 9% setup compilation RecordIdsPlugin
<s> [webpack.Progress] 9% setup compilation WarnCaseSensitiveModulesPlugin
<s> [webpack.Progress] 9% setup compilation IgnoreWarningsPlugin
<s> [webpack.Progress] 9% setup compilation
<s> [webpack.Progress] 10% building
<s> [webpack.Progress] 10% building 0/1 entries 0/0 dependencies 0/0 modules
<s> [webpack.Progress] 10% building import loader ./node_modules/mini-css-extract-plugin/dist/loader.js
<s> [webpack.Progress] 10% building import loader ./node_modules/css-loader/dist/cjs.js
<s> [webpack.Progress] 10% building import loader ./node_modules/postcss-loader/dist/cjs.js
<s> [webpack.Progress] 10% building 0/4 entries 1/4 dependencies 0/1 modules
<s> [webpack.Progress] 10% building import loader ./node_modules/@angular-devkit/build-angular/src/tools/babel/webpack-loader.js
<s> [webpack.Progress] 10% building 0/4 entries 3/5 dependencies 0/3 modules
<s> [webpack.Progress] 10% building 0/4 entries 5/6 dependencies 0/5 modules
<s> [webpack.Progress] 10% building 0/4 entries 9/22 dependencies 1/9 modules
<s> [webpack.Progress] 23% building 1/4 entries 9/22 dependencies 4/9 modules
<s> [webpack.Progress] 23% building 1/4 entries 9/23 dependencies 4/9 modules
<s> [webpack.Progress] 30% building 2/4 entries 9/24 dependencies 5/9 modules
<s> [webpack.Progress] 37% building import loader ./node_modules/@ngtools/webpack/src/ivy/index.js
<s> [webpack.Progress] 37% building 2/4 entries 25/32 dependencies 5/25 modules
<s> [webpack.Progress] 48% building 3/4 entries 46/66 dependencies 14/36 modules
<s> [webpack.Progress] 51% building import loader ./node_modules/@storybook/builder-webpack5/dist/loaders/export-order-loader.js
<s> [webpack.Progress] 51% building import loader ./node_modules/unplugin/dist/webpack/loaders/transform.js
<s> [webpack.Progress] 51% building 3/4 entries 61/81 dependencies 16/40 modules
<s> [webpack.Progress] 51% building 3/4 entries 100/117 dependencies 20/62 modules
<s> [webpack.Progress] 51% building 3/4 entries 114/127 dependencies 23/68 modules
<s> [webpack.Progress] 51% building 3/4 entries 122/131 dependencies 32/69 modules
<s> [webpack.Progress] 51% building 3/4 entries 168/200 dependencies 41/84 modules
<s> [webpack.Progress] 51% building import loader ./node_modules/resolve-url-loader/index.js
<s> [webpack.Progress] 51% building import loader ./node_modules/sass-loader/dist/cjs.js
<s> [webpack.Progress] 51% building 3/4 entries 168/203 dependencies 41/84 modules
<s> [webpack.Progress] 51% building 3/4 entries 187/210 dependencies 44/92 modules
<s> [webpack.Progress] 51% building 3/4 entries 267/300 dependencies 54/123 modules
<s> [webpack.Progress] 51% building 3/4 entries 858/900 dependencies 74/479 modules
<s> [webpack.Progress] 51% building 3/4 entries 1149/1200 dependencies 93/538 modules
<s> [webpack.Progress] 51% building 3/4 entries 1400/1431 dependencies 111/543 modules
<s> [webpack.Progress] 51% building 3/4 entries 1453/1500 dependencies 113/556 modules
<s> [webpack.Progress] 51% building 3/4 entries 1742/1800 dependencies 125/573 modules
<s> [webpack.Progress] 51% building 3/4 entries 2030/2074 dependencies 200/624 modules
<s> [webpack.Progress] 51% building 3/4 entries 2273/2300 dependencies 439/676 modules
<s> [webpack.Progress] 51% building 3/4 entries 2299/2359 dependencies 500/676 modules
<s> [webpack.Progress] 51% building 3/4 entries 2451/2500 dependencies 599/732 modules
<s> [webpack.Progress] 51% building 3/4 entries 2651/2700 dependencies 669/791 modules
<s> [webpack.Progress] 53% building 3/4 entries 2865/2868 dependencies 800/853 modules
<s> [webpack.Progress] 65% building 4/4 entries 2921/2921 dependencies 866/866 modules
<s> [webpack.Progress] 65% building
<s> [webpack.Progress] 69% building finish
<s> [webpack.Progress] 69% building finish
<s> [webpack.Progress] 70% sealing finish module graph
<s> [webpack.Progress] 70% sealing finish module graph angular-compiler
<s> [webpack.Progress] 70% sealing finish module graph ResolverCachePlugin
<s> [webpack.Progress] 70% sealing finish module graph InferAsyncModulesPlugin
<s> [webpack.Progress] 70% sealing finish module graph FlagDependencyExportsPlugin
<s> [webpack.Progress] 70% sealing finish module graph InnerGraphPlugin
<s> [webpack.Progress] 70% sealing finish module graph WasmFinalizeExportsPlugin
<s> [webpack.Progress] 70% sealing finish module graph
<s> [webpack.Progress] 70% sealing plugins
<s> [webpack.Progress] 70% sealing plugins WarnCaseSensitiveModulesPlugin
<s> [webpack.Progress] 70% sealing plugins
<s> [webpack.Progress] 71% sealing dependencies optimization
<s> [webpack.Progress] 71% sealing dependencies optimization SideEffectsFlagPlugin
<s> [webpack.Progress] 71% sealing dependencies optimization FlagDependencyUsagePlugin
<s> [webpack.Progress] 71% sealing dependencies optimization
<s> [webpack.Progress] 71% sealing after dependencies optimization
<s> [webpack.Progress] 71% sealing after dependencies optimization
<s> [webpack.Progress] 72% sealing chunk graph
<s> [webpack.Progress] 72% sealing chunk graph
<s> [webpack.Progress] 73% sealing after chunk graph
<s> [webpack.Progress] 73% sealing after chunk graph
<s> [webpack.Progress] 73% sealing optimizing
<s> [webpack.Progress] 73% sealing optimizing
<s> [webpack.Progress] 74% sealing module optimization
<s> [webpack.Progress] 74% sealing module optimization
<s> [webpack.Progress] 75% sealing after module optimization
<s> [webpack.Progress] 75% sealing after module optimization
<s> [webpack.Progress] 75% sealing chunk optimization
<s> [webpack.Progress] 75% sealing chunk optimization EnsureChunkConditionsPlugin
<s> [webpack.Progress] 75% sealing chunk optimization RemoveEmptyChunksPlugin
<s> [webpack.Progress] 75% sealing chunk optimization MergeDuplicateChunksPlugin
<s> [webpack.Progress] 75% sealing chunk optimization SplitChunksPlugin
<s> [webpack.Progress] 75% sealing chunk optimization RemoveEmptyChunksPlugin
<s> [webpack.Progress] 75% sealing chunk optimization
<s> [webpack.Progress] 76% sealing after chunk optimization
<s> [webpack.Progress] 76% sealing after chunk optimization
<s> [webpack.Progress] 77% sealing module and chunk tree optimization
<s> [webpack.Progress] 77% sealing module and chunk tree optimization PersistentChildCompilerSingletonPlugin
<s> [webpack.Progress] 77% sealing module and chunk tree optimization
<s> [webpack.Progress] 77% sealing after module and chunk tree optimization
<s> [webpack.Progress] 77% sealing after module and chunk tree optimization
<s> [webpack.Progress] 78% sealing chunk modules optimization
<s> [webpack.Progress] 78% sealing chunk modules optimization ModuleConcatenationPlugin
<s> [webpack.Progress] 78% sealing chunk modules optimization
<s> [webpack.Progress] 78% sealing after chunk modules optimization
<s> [webpack.Progress] 78% sealing after chunk modules optimization
<s> [webpack.Progress] 79% sealing module reviving
<s> [webpack.Progress] 79% sealing module reviving RecordIdsPlugin
<s> [webpack.Progress] 79% sealing module reviving
<s> [webpack.Progress] 80% sealing before module ids
<s> [webpack.Progress] 80% sealing before module ids
<s> [webpack.Progress] 80% sealing module ids
<s> [webpack.Progress] 80% sealing module ids NamedModuleIdsPlugin
<s> [webpack.Progress] 80% sealing module ids
<s> [webpack.Progress] 81% sealing module id optimization
<s> [webpack.Progress] 81% sealing module id optimization
<s> [webpack.Progress] 82% sealing module id optimization
<s> [webpack.Progress] 82% sealing module id optimization
<s> [webpack.Progress] 82% sealing chunk reviving
<s> [webpack.Progress] 82% sealing chunk reviving RecordIdsPlugin
<s> [webpack.Progress] 82% sealing chunk reviving
<s> [webpack.Progress] 83% sealing before chunk ids
<s> [webpack.Progress] 83% sealing before chunk ids
<s> [webpack.Progress] 84% sealing chunk ids
<s> [webpack.Progress] 84% sealing chunk ids DeterministicChunkIdsPlugin
<s> [webpack.Progress] 84% sealing chunk ids
<s> [webpack.Progress] 84% sealing chunk id optimization
<s> [webpack.Progress] 84% sealing chunk id optimization FlagIncludedChunksPlugin
<s> [webpack.Progress] 84% sealing chunk id optimization
<s> [webpack.Progress] 85% sealing after chunk id optimization
<s> [webpack.Progress] 85% sealing after chunk id optimization
<s> [webpack.Progress] 86% sealing record modules
<s> [webpack.Progress] 86% sealing record modules RecordIdsPlugin
<s> [webpack.Progress] 86% sealing record modules
<s> [webpack.Progress] 86% sealing record chunks
<s> [webpack.Progress] 86% sealing record chunks RecordIdsPlugin
<s> [webpack.Progress] 86% sealing record chunks
<s> [webpack.Progress] 87% sealing module hashing
<s> [webpack.Progress] 87% sealing module hashing
<s> [webpack.Progress] 87% sealing code generation
<s> [webpack.Progress] 87% sealing code generation
<s> [webpack.Progress] 88% sealing runtime requirements
<s> [webpack.Progress] 88% sealing runtime requirements
<s> [webpack.Progress] 89% sealing hashing
<s> [webpack.Progress] 89% sealing hashing
<s> [webpack.Progress] 89% sealing after hashing
<s> [webpack.Progress] 89% sealing after hashing
<s> [webpack.Progress] 90% sealing record hash
<s> [webpack.Progress] 90% sealing record hash
<s> [webpack.Progress] 91% sealing module assets processing
<s> [webpack.Progress] 91% sealing module assets processing
<s> [webpack.Progress] 91% sealing chunk assets processing
<s> [webpack.Progress] 91% sealing chunk assets processing
<s> [webpack.Progress] 92% sealing asset processing
<s> [webpack.Progress] 92% sealing asset processing PersistentChildCompilerSingletonPlugin
<s> [webpack.Progress] 92% sealing asset processing TerserPlugin
<s> [webpack.Progress] 92% sealing asset processing SourceMapDevToolPlugin
<s> [webpack.Progress] 92% sealing asset processing SourceMapDevToolPlugin
<s> [webpack.Progress] 92% sealing asset processing SourceMapDevToolPlugin main.94d2821bb84d8f0b9cae.css generate SourceMap
<s> [webpack.Progress] 92% sealing asset processing SourceMapDevToolPlugin main.94d2821bb84d8f0b9cae.css generated SourceMap
<s> [webpack.Progress] 92% sealing asset processing SourceMapDevToolPlugin main.25bc9f2c.iframe.bundle.js generate SourceMap
<s> [webpack.Progress] 92% sealing asset processing SourceMapDevToolPlugin main.25bc9f2c.iframe.bundle.js generated SourceMap
<s> [webpack.Progress] 92% sealing asset processing SourceMapDevToolPlugin runtime~main.189042c6.iframe.bundle.js generate SourceMap
<s> [webpack.Progress] 92% sealing asset processing SourceMapDevToolPlugin runtime~main.189042c6.iframe.bundle.js generated SourceMap
<s> [webpack.Progress] 92% sealing asset processing SourceMapDevToolPlugin pure-inbox-screen-pure-inbox-screen-stories.d98adabb.iframe.bundle.js generate SourceMap
<s> [webpack.Progress] 92% sealing asset processing SourceMapDevToolPlugin pure-inbox-screen-pure-inbox-screen-stories.d98adabb.iframe.bundle.js generated SourceMap
<s> [webpack.Progress] 92% sealing asset processing SourceMapDevToolPlugin pure-task-list-pure-task-list-stories.a47e84f5.iframe.bundle.js generate SourceMap
<s> [webpack.Progress] 92% sealing asset processing SourceMapDevToolPlugin pure-task-list-pure-task-list-stories.a47e84f5.iframe.bundle.js generated SourceMap
<s> [webpack.Progress] 92% sealing asset processing SourceMapDevToolPlugin task-task-stories.b89b9075.iframe.bundle.js generate SourceMap
<s> [webpack.Progress] 92% sealing asset processing SourceMapDevToolPlugin task-task-stories.b89b9075.iframe.bundle.js generated SourceMap
<s> [webpack.Progress] 92% sealing asset processing SourceMapDevToolPlugin 493.0bf4dc89.iframe.bundle.js generate SourceMap
<s> [webpack.Progress] 92% sealing asset processing SourceMapDevToolPlugin 493.0bf4dc89.iframe.bundle.js generated SourceMap
<s> [webpack.Progress] 92% sealing asset processing SourceMapDevToolPlugin 433.e048ba36.iframe.bundle.js generate SourceMap
<s> [webpack.Progress] 92% sealing asset processing SourceMapDevToolPlugin 433.e048ba36.iframe.bundle.js generated SourceMap
<s> [webpack.Progress] 92% sealing asset processing SourceMapDevToolPlugin 195.abbac784.iframe.bundle.js generate SourceMap
<s> [webpack.Progress] 92% sealing asset processing SourceMapDevToolPlugin 195.abbac784.iframe.bundle.js generated SourceMap
<s> [webpack.Progress] 92% sealing asset processing SourceMapDevToolPlugin 21.af9e22b7.iframe.bundle.js generate SourceMap
<s> [webpack.Progress] 92% sealing asset processing SourceMapDevToolPlugin 21.af9e22b7.iframe.bundle.js generated SourceMap
<s> [webpack.Progress] 92% sealing asset processing SourceMapDevToolPlugin 288.6a953b0e.iframe.bundle.js generate SourceMap
<s> [webpack.Progress] 92% sealing asset processing SourceMapDevToolPlugin 288.6a953b0e.iframe.bundle.js generated SourceMap
<s> [webpack.Progress] 92% sealing asset processing SourceMapDevToolPlugin 841.fb16273b.iframe.bundle.js generate SourceMap
<s> [webpack.Progress] 92% sealing asset processing SourceMapDevToolPlugin 841.fb16273b.iframe.bundle.js generated SourceMap
<s> [webpack.Progress] 92% sealing asset processing SourceMapDevToolPlugin 40.46e791b5.iframe.bundle.js generate SourceMap
<s> [webpack.Progress] 92% sealing asset processing SourceMapDevToolPlugin 40.46e791b5.iframe.bundle.js generated SourceMap
<s> [webpack.Progress] 92% sealing asset processing SourceMapDevToolPlugin 117.2afbc550.iframe.bundle.js generate SourceMap
<s> [webpack.Progress] 92% sealing asset processing SourceMapDevToolPlugin 117.2afbc550.iframe.bundle.js generated SourceMap
<s> [webpack.Progress] 92% sealing asset processing SourceMapDevToolPlugin 922.82b132fd.iframe.bundle.js generate SourceMap
<s> [webpack.Progress] 92% sealing asset processing SourceMapDevToolPlugin 922.82b132fd.iframe.bundle.js generated SourceMap
<s> [webpack.Progress] 92% sealing asset processing SourceMapDevToolPlugin resolve sources
<s> [webpack.Progress] 92% sealing asset processing SourceMapDevToolPlugin 493.0bf4dc89.iframe.bundle.js attach SourceMap
<s> [webpack.Progress] 92% sealing asset processing SourceMapDevToolPlugin 493.0bf4dc89.iframe.bundle.js attached SourceMap
<s> [webpack.Progress] 92% sealing asset processing SourceMapDevToolPlugin 841.fb16273b.iframe.bundle.js attach SourceMap
<s> [webpack.Progress] 92% sealing asset processing SourceMapDevToolPlugin 841.fb16273b.iframe.bundle.js attached SourceMap
<s> [webpack.Progress] 92% sealing asset processing SourceMapDevToolPlugin 117.2afbc550.iframe.bundle.js attach SourceMap
<s> [webpack.Progress] 92% sealing asset processing SourceMapDevToolPlugin 117.2afbc550.iframe.bundle.js attached SourceMap
<s> [webpack.Progress] 92% sealing asset processing SourceMapDevToolPlugin 922.82b132fd.iframe.bundle.js attach SourceMap
<s> [webpack.Progress] 92% sealing asset processing SourceMapDevToolPlugin 922.82b132fd.iframe.bundle.js attached SourceMap
<s> [webpack.Progress] 92% sealing asset processing SourceMapDevToolPlugin
<s> [webpack.Progress] 92% sealing asset processing SourceMapDevToolPlugin
<s> [webpack.Progress] 92% sealing asset processing SourceMapDevToolPlugin resolve sources
<s> [webpack.Progress] 92% sealing asset processing SourceMapDevToolPlugin
<s> [webpack.Progress] 92% sealing asset processing HtmlWebpackPlugin
<s> [webpack.Progress] 92% sealing asset processing HtmlWebpackPlugin
<s> [webpack.Progress] 92% sealing asset processing HtmlWebpackPlugin resolve sources
<s> [webpack.Progress] 92% sealing asset processing HtmlWebpackPlugin
<s> [webpack.Progress] 92% sealing asset processing RealContentHashPlugin
<s> [webpack.Progress] 92% sealing asset processing RealContentHashPlugin
<s> [webpack.Progress] 92% sealing asset processing RealContentHashPlugin main.72b66c21c40c5a5549a1.css generate SourceMap
<s> [webpack.Progress] 92% sealing asset processing RealContentHashPlugin main.72b66c21c40c5a5549a1.css generated SourceMap
<s> [webpack.Progress] 92% sealing asset processing RealContentHashPlugin main.497f8298.iframe.bundle.js generate SourceMap
<s> [webpack.Progress] 92% sealing asset processing RealContentHashPlugin main.497f8298.iframe.bundle.js generated SourceMap
<s> [webpack.Progress] 92% sealing asset processing RealContentHashPlugin runtime~main.e0373932.iframe.bundle.js generate SourceMap
<s> [webpack.Progress] 92% sealing asset processing RealContentHashPlugin runtime~main.e0373932.iframe.bundle.js generated SourceMap
<s> [webpack.Progress] 92% sealing asset processing RealContentHashPlugin pure-inbox-screen-pure-inbox-screen-stories.e400a7e6.iframe.bundle.js generate SourceMap
<s> [webpack.Progress] 92% sealing asset processing RealContentHashPlugin pure-inbox-screen-pure-inbox-screen-stories.e400a7e6.iframe.bundle.js generated SourceMap
<s> [webpack.Progress] 92% sealing asset processing RealContentHashPlugin pure-task-list-pure-task-list-stories.2714a23e.iframe.bundle.js generate SourceMap
<s> [webpack.Progress] 92% sealing asset processing RealContentHashPlugin pure-task-list-pure-task-list-stories.2714a23e.iframe.bundle.js generated SourceMap
<s> [webpack.Progress] 92% sealing asset processing RealContentHashPlugin task-task-stories.8ed573fc.iframe.bundle.js generate SourceMap
<s> [webpack.Progress] 92% sealing asset processing RealContentHashPlugin task-task-stories.8ed573fc.iframe.bundle.js generated SourceMap
<s> [webpack.Progress] 92% sealing asset processing RealContentHashPlugin 195.6db1bc09.iframe.bundle.js generate SourceMap
<s> [webpack.Progress] 92% sealing asset processing RealContentHashPlugin 195.6db1bc09.iframe.bundle.js generated SourceMap
<s> [webpack.Progress] 92% sealing asset processing RealContentHashPlugin 21.c7e8d13f.iframe.bundle.js generate SourceMap
<s> [webpack.Progress] 92% sealing asset processing RealContentHashPlugin 21.c7e8d13f.iframe.bundle.js generated SourceMap
<s> [webpack.Progress] 92% sealing asset processing RealContentHashPlugin 288.c7790dc6.iframe.bundle.js generate SourceMap
<s> [webpack.Progress] 92% sealing asset processing RealContentHashPlugin 288.c7790dc6.iframe.bundle.js generated SourceMap
<s> [webpack.Progress] 92% sealing asset processing RealContentHashPlugin 40.82eb1f93.iframe.bundle.js generate SourceMap
<s> [webpack.Progress] 92% sealing asset processing RealContentHashPlugin 40.82eb1f93.iframe.bundle.js generated SourceMap
<s> [webpack.Progress] 92% sealing asset processing RealContentHashPlugin 433.102dfc1a.iframe.bundle.js generate SourceMap
<s> [webpack.Progress] 92% sealing asset processing RealContentHashPlugin 433.102dfc1a.iframe.bundle.js generated SourceMap
<s> [webpack.Progress] 92% sealing asset processing RealContentHashPlugin resolve sources
<s> [webpack.Progress] 92% sealing asset processing RealContentHashPlugin
<s> [webpack.Progress] 92% sealing asset processing angular-occurrences-plugin
<s> [webpack.Progress] 92% sealing asset processing AnyComponentStyleBudgetChecker
<s> [webpack.Progress] 92% sealing asset processing
<s> [webpack.Progress] 93% sealing after asset optimization
<s> [webpack.Progress] 93% sealing after asset optimization
<s> [webpack.Progress] 93% sealing recording
<s> [webpack.Progress] 93% sealing recording
<s> [webpack.Progress] 94% sealing after seal
<s> [webpack.Progress] 94% sealing after seal
<s> [webpack.Progress] 95% emitting emit
<s> [webpack.Progress] 95% emitting emit
<s> [webpack.Progress] 98% emitting after emit
<s> [webpack.Progress] 98% emitting after emit SizeLimitsPlugin
<s> [webpack.Progress] 98% emitting after emit
<s> [webpack.Progress] 99% done plugins
<s> [webpack.Progress] 99% done plugins CaseSensitivePathsPlugin
<s> [webpack.Progress] 99% done plugins
<s> [webpack.Progress] 99% 

<s> [webpack.Progress] 99% cache store build dependencies
<s> [webpack.Progress] 99% cache store build dependencies
<s> [webpack.Progress] 99% cache begin idle
<s> [webpack.Progress] 99% cache begin idle
<s> [webpack.Progress] 100% 

WARN C:/Users/MaytavB/WebstormProjects/intro-storybook-angular-template-master/src/app/app.component.ts is part of the TypeScript compilation but it's unused.
WARN Add only entry points to the 'files' or 'include' properties in your tsconfig.
WARN C:/Users/MaytavB/WebstormProjects/intro-storybook-angular-template-master/src/app/app.module.ts is part of the TypeScript compilation but it's unused.
WARN Add only entry points to the 'files' or 'include' properties in your tsconfig.
WARN C:/Users/MaytavB/WebstormProjects/intro-storybook-angular-template-master/src/app/components/task.module.ts is part of the TypeScript compilation but it's unused.
WARN Add only entry points to the 'files' or 'include' properties in your tsconfig.
WARN C:/Users/MaytavB/WebstormProjects/intro-storybook-angular-template-master/src/environments/environment.prod.ts is part of the TypeScript compilation but it's unused.
WARN Add only entry points to the 'files' or 'include' properties in your tsconfig.
WARN C:/Users/MaytavB/WebstormProjects/intro-storybook-angular-template-master/src/environments/environment.ts is part of the TypeScript compilation but it's unused.
WARN Add only entry points to the 'files' or 'include' properties in your tsconfig.
WARN C:/Users/MaytavB/WebstormProjects/intro-storybook-angular-template-master/src/main.ts is part of the TypeScript compilation but it's unused.
WARN Add only entry points to the 'files' or 'include' properties in your tsconfig.
WARN C:/Users/MaytavB/WebstormProjects/intro-storybook-angular-template-master/src/polyfills.ts is part of the TypeScript compilation but it's unused.
WARN Add only entry points to the 'files' or 'include' properties in your tsconfig.
WARN C:/Users/MaytavB/WebstormProjects/intro-storybook-angular-template-master/src/stories/Button.stories.ts is part of the TypeScript compilation but it's unused.
WARN Add only entry points to the 'files' or 'include' properties in your tsconfig.
WARN C:/Users/MaytavB/WebstormProjects/intro-storybook-angular-template-master/src/stories/Header.stories.ts is part of the TypeScript compilation but it's unused.
WARN Add only entry points to the 'files' or 'include' properties in your tsconfig.
WARN C:/Users/MaytavB/WebstormProjects/intro-storybook-angular-template-master/src/stories/Page.stories.ts is part of the TypeScript compilation but it's unused.
WARN Add only entry points to the 'files' or 'include' properties in your tsconfig.
WARN C:/Users/MaytavB/WebstormProjects/intro-storybook-angular-template-master/src/stories/User.ts is part of the TypeScript compilation but it's unused.
WARN Add only entry points to the 'files' or 'include' properties in your tsconfig.
WARN C:/Users/MaytavB/WebstormProjects/intro-storybook-angular-template-master/src/stories/button.component.ts is part of the TypeScript compilation but it's unused.
WARN Add only entry points to the 'files' or 'include' properties in your tsconfig.
WARN C:/Users/MaytavB/WebstormProjects/intro-storybook-angular-template-master/src/stories/header.component.ts is part of the TypeScript compilation but it's unused.
WARN Add only entry points to the 'files' or 'include' properties in your tsconfig.
WARN C:/Users/MaytavB/WebstormProjects/intro-storybook-angular-template-master/src/stories/page.component.ts is part of the TypeScript compilation but it's unused.
WARN Add only entry points to the 'files' or 'include' properties in your tsconfig.
WARN asset size limit: The following asset(s) exceed the recommended size limit (244 KiB).
WARN This can impact web performance.
WARN Assets: 
WARN   493.1f797d15.iframe.bundle.js (816 KiB)
WARN   433.102dfc1a.iframe.bundle.js (795 KiB)
WARN   841.2ddd4272.iframe.bundle.js (583 KiB)
WARN   117.d684071a.iframe.bundle.js (2.53 MiB)
WARN   922.165671fe.iframe.bundle.js (878 KiB)
WARN entrypoint size limit: The following entrypoint(s) combined asset size exceeds the recommended limit (244 KiB). This can impact web performance.
WARN Entrypoints:
WARN   main (2.64 MiB)
WARN       runtime~main.e0373932.iframe.bundle.js
WARN       117.d684071a.iframe.bundle.js
WARN       main.72b66c21c40c5a5549a1.css
WARN       main.497f8298.iframe.bundle.js
WARN 
<s> [webpack.Progress] 99% cache shutdown
<s> [webpack.Progress] 99% cache shutdown
<s> [webpack.Progress] 100% 

info => Preview built (46 s)
info => Output directory: C:\Users\MaytavB\AppData\Local\Temp\chromatic--17700-V2HsLvYTirjD
